<?xml version="1.0" encoding="UTF-8"?>
<!-- Generated by org.testng.reporters.JUnitXMLReporter -->
<testsuite ignored="0" hostname="Yousefs-MacBook-Pro.local" failures="0" tests="3" name="All Functionalities" time="102.476" errors="0" timestamp="2022-06-07T01:13:02 CDT">
  <testcase classname="scripts.Cars_Dot_Com_Test" name="signInForm" time="25.545"/>
  <testcase classname="scripts.Cars_Dot_Com_Test" name="validateSignInPageSocialMediaSection" time="25.022"/>
  <testcase classname="scripts.Cars_Dot_Com_Test" name="canNotSignIn" time="29.892"/>
</testsuite> <!-- All Functionalities -->
